0 info it worked if it ends with ok
1 verbose cli [ '/usr/local/Cellar/node/5.10.1/bin/node',
1 verbose cli   '/usr/local/bin/npm',
1 verbose cli   'publish' ]
2 info using npm@3.8.3
3 info using node@v5.10.1
4 verbose publish [ '.' ]
5 silly cache add args [ '.', null ]
6 verbose cache add spec .
7 silly cache add parsed spec Result {
7 silly cache add   raw: '.',
7 silly cache add   scope: null,
7 silly cache add   name: null,
7 silly cache add   rawSpec: '.',
7 silly cache add   spec: '/Users/TReed/Documents/Projects/omnimobilemenu',
7 silly cache add   type: 'directory' }
8 verbose addLocalDirectory /Users/TReed/.npm/mobile-menu/1.3.3/package.tgz not in flight; packing
9 verbose correctMkdir /Users/TReed/.npm correctMkdir not in flight; initializing
10 info lifecycle mobile-menu@1.3.3~prepublish: mobile-menu@1.3.3
11 silly lifecycle mobile-menu@1.3.3~prepublish: no script for prepublish, continuing
12 verbose tar pack [ '/Users/TReed/.npm/mobile-menu/1.3.3/package.tgz',
12 verbose tar pack   '/Users/TReed/Documents/Projects/omnimobilemenu' ]
13 verbose tarball /Users/TReed/.npm/mobile-menu/1.3.3/package.tgz
14 verbose folder /Users/TReed/Documents/Projects/omnimobilemenu
15 verbose addLocalTarball adding from inside cache /Users/TReed/.npm/mobile-menu/1.3.3/package.tgz
16 verbose correctMkdir /Users/TReed/.npm correctMkdir not in flight; initializing
17 silly cache afterAdd mobile-menu@1.3.3
18 verbose afterAdd /Users/TReed/.npm/mobile-menu/1.3.3/package/package.json not in flight; writing
19 verbose correctMkdir /Users/TReed/.npm correctMkdir not in flight; initializing
20 verbose afterAdd /Users/TReed/.npm/mobile-menu/1.3.3/package/package.json written
21 silly publish { name: 'mobile-menu',
21 silly publish   version: '1.3.3',
21 silly publish   description: 'Omnispear Mobile Menu',
21 silly publish   repository:
21 silly publish    { type: 'git',
21 silly publish      url: 'git+https://github.com/OmniSpear/mobile-menu.git' },
21 silly publish   author: { name: 'Tyler Reed' },
21 silly publish   license: 'MIT',
21 silly publish   bugs: { url: 'https://github.com/OmniSpear/mobile-menu/issues' },
21 silly publish   homepage: 'https://github.com/OmniSpear/mobile-menu#readme',
21 silly publish   readme: '# Omnispear Mobile Menu\n\nThis project was built by [Omnispear](http://www.omnispear.com/).\n\n## Include Basic Files\n\nAdd necessary js files to project before the closing `</body>` tag. Be sure you have jQuery linked in your project as well.\n    \n```html\n<script src="js/mobile-menu.js"></script>\n<script src="js/jquery.touchSwipe.min.js"></script>\n```\n\nAdd CSS to project in the `<head>` section.\n\n```html\n<link rel="stylesheet" type="text/css" href="css/style.css">\n```\n\n## Basic Markup\n\nInclude this markup in the header of your site. This is the basic content for the Menu, including a dropdown and the hamburger button. Be sure that all of your site content that you want to be pushed when the menu opens is included inside the `.content-wrapper` div.\n\n```html\n    <body class="open-right">\n        <div class="body-overlay"></div>\n        <ul class="omni-mobile-menu" id="omni-mobile-menu">\n            <li><a href="#">Home</a></li>\n            <li class="omni-dropdown">\n                <a class="omni-dropdown-toggle">Dropdown</a>\n                <ul class="omni-dropdown-menu">\n                    <li><a href="#">Sub Item</a></li>\n                    <li><a href="#">Another Sub Item</a></li>\n                    <li><a href="#">Last Sub Item</a></li>\n                </ul>\n            </li>\n            <li><a href="#">About</a></li>\n            <li><a href="#">Blog</a></li>\n            <li><a href="#">Contact</a></li>\n        </ul>  \n\n        <input type="checkbox" id="nav-toggle" class="nav-toggle" />  \n        \n        <label for="nav-toggle" class="toggle-btn" data-toggle=".toggle-btn" data-menu=".content-wrapper">\n            <div class="hamburger">\n                <span class="icon-bar"></span>\n                <span class="icon-bar"></span>\n                <span class="icon-bar"></span>\n            </div>\n        </label>   \n\n        <div class="content-wrapper">\n            <!--Place Site Content Here-->\n        </div>\n    </body>\n```\n\n## Change Opening Direction\n\nTo set the direction the menu opens from, apply a class to the `<body>` tag of your markup. The mobile menu currently supports:\n\n* Left - `.open-left`\n* Right - `.open-right`\n* Full - `.open-full`\n* Top -  `.open-top` ',
21 silly publish   readmeFilename: 'README.md',
21 silly publish   gitHead: '70fea0ce9f9037230e4d40867c8c76f1f6f72298',
21 silly publish   _id: 'mobile-menu@1.3.3',
21 silly publish   scripts: {},
21 silly publish   _shasum: 'bcdf448b3b4eb2165880e375f5dcc797920fed05',
21 silly publish   _from: '.' }
22 verbose getPublishConfig undefined
23 silly mapToRegistry name mobile-menu
24 silly mapToRegistry using default registry
25 silly mapToRegistry registry https://registry.npmjs.org/
26 silly mapToRegistry data Result {
26 silly mapToRegistry   raw: 'mobile-menu',
26 silly mapToRegistry   scope: null,
26 silly mapToRegistry   name: 'mobile-menu',
26 silly mapToRegistry   rawSpec: '',
26 silly mapToRegistry   spec: 'latest',
26 silly mapToRegistry   type: 'tag' }
27 silly mapToRegistry uri https://registry.npmjs.org/mobile-menu
28 verbose publish registryBase https://registry.npmjs.org/
29 silly publish uploading /Users/TReed/.npm/mobile-menu/1.3.3/package.tgz
30 verbose request uri https://registry.npmjs.org/mobile-menu
31 verbose request sending authorization for write operation
32 info attempt registry request try #1 at 4:53:13 PM
33 verbose request using bearer token for auth
34 verbose request id ad2dd2b0400101bb
35 http request PUT https://registry.npmjs.org/mobile-menu
36 http 403 https://registry.npmjs.org/mobile-menu
37 verbose headers { 'content-type': 'application/json',
37 verbose headers   'cache-control': 'max-age=300',
37 verbose headers   'content-length': '95',
37 verbose headers   'accept-ranges': 'bytes',
37 verbose headers   date: 'Wed, 04 Jan 2017 21:53:14 GMT',
37 verbose headers   via: '1.1 varnish',
37 verbose headers   connection: 'keep-alive',
37 verbose headers   'x-served-by': 'cache-ord1735-ORD',
37 verbose headers   'x-cache': 'MISS',
37 verbose headers   'x-cache-hits': '0',
37 verbose headers   'x-timer': 'S1483566793.416523,VS0,VE652',
37 verbose headers   vary: 'Accept-Encoding' }
38 verbose request invalidating /Users/TReed/.npm/registry.npmjs.org/mobile-menu on PUT
39 error publish Failed PUT 403
40 verbose stack Error: "You cannot publish over the previously published version 1.3.3." : mobile-menu
40 verbose stack     at makeError (/usr/local/lib/node_modules/npm/node_modules/npm-registry-client/lib/request.js:264:12)
40 verbose stack     at CachingRegistryClient.<anonymous> (/usr/local/lib/node_modules/npm/node_modules/npm-registry-client/lib/request.js:252:14)
40 verbose stack     at Request._callback (/usr/local/lib/node_modules/npm/node_modules/npm-registry-client/lib/request.js:172:14)
40 verbose stack     at Request.self.callback (/usr/local/lib/node_modules/npm/node_modules/request/request.js:199:22)
40 verbose stack     at emitTwo (events.js:100:13)
40 verbose stack     at Request.emit (events.js:185:7)
40 verbose stack     at Request.<anonymous> (/usr/local/lib/node_modules/npm/node_modules/request/request.js:1036:10)
40 verbose stack     at emitOne (events.js:95:20)
40 verbose stack     at Request.emit (events.js:182:7)
40 verbose stack     at IncomingMessage.<anonymous> (/usr/local/lib/node_modules/npm/node_modules/request/request.js:963:12)
41 verbose statusCode 403
42 verbose pkgid mobile-menu
43 verbose cwd /Users/TReed/Documents/Projects/omnimobilemenu
44 error Darwin 15.6.0
45 error argv "/usr/local/Cellar/node/5.10.1/bin/node" "/usr/local/bin/npm" "publish"
46 error node v5.10.1
47 error npm  v3.8.3
48 error code E403
49 error "You cannot publish over the previously published version 1.3.3." : mobile-menu
50 error If you need help, you may report this error at:
50 error     <https://github.com/npm/npm/issues>
51 verbose exit [ 1, true ]
